<?xml version="1.0" encoding="UTF-8"?><testsuite name="nosetests" tests="2" errors="2" failures="0" skip="0"><testcase classname="test_create_new_client.TestPages" name="test_alogin" time="7.946"><error type="exceptions.AttributeError" message="'TestPages' object has no attribute 'browser'&#10;-------------------- &gt;&gt; begin captured logging &lt;&lt; --------------------&#10;selenium.webdriver.remote.remote_connection: DEBUG: POST http://127.0.0.1:53009/session {&quot;requiredCapabilities&quot;: {}, &quot;desiredCapabilities&quot;: {&quot;platform&quot;: &quot;ANY&quot;, &quot;browserName&quot;: &quot;chrome&quot;, &quot;version&quot;: &quot;&quot;, &quot;chromeOptions&quot;: {&quot;args&quot;: [], &quot;extensions&quot;: []}, &quot;javascriptEnabled&quot;: true}}&#10;selenium.webdriver.remote.remote_connection: DEBUG: Finished Request&#10;selenium.webdriver.remote.remote_connection: DEBUG: POST http://127.0.0.1:53009/session/9568cf7d020848f523a497aea47200ad/url {&quot;url&quot;: &quot;https://tetra-qa.strikersoft.com/operational/login.html&quot;, &quot;sessionId&quot;: &quot;9568cf7d020848f523a497aea47200ad&quot;}&#10;selenium.webdriver.remote.remote_connection: DEBUG: Finished Request&#10;selenium.webdriver.remote.remote_connection: DEBUG: POST http://127.0.0.1:53009/session/9568cf7d020848f523a497aea47200ad/window/current/maximize {&quot;windowHandle&quot;: &quot;current&quot;, &quot;sessionId&quot;: &quot;9568cf7d020848f523a497aea47200ad&quot;}&#10;selenium.webdriver.remote.remote_connection: DEBUG: Finished Request&#10;--------------------- &gt;&gt; end captured logging &lt;&lt; ---------------------"><![CDATA[  File "C:\Python27\lib\unittest\case.py", line 329, in run
    testMethod()
  File "C:\MyGit\PetProject\Python\Python-Autotests-from-Yura\create-delete-new-client\test_create_new_client.py", line 62, in test_alogin
    self.login_with_valid_user()
  File "C:\MyGit\PetProject\Python\Python-Autotests-from-Yura\create-delete-new-client\base_page.py", line 138, in login_with_valid_user
    login_field = self.browser.find_element_by_xpath(
'\'TestPages\' object has no attribute \'browser\'\n-------------------- >> begin captured logging << --------------------\nselenium.webdriver.remote.remote_connection: DEBUG: POST http://127.0.0.1:53009/session {"requiredCapabilities": {}, "desiredCapabilities": {"platform": "ANY", "browserName": "chrome", "version": "", "chromeOptions": {"args": [], "extensions": []}, "javascriptEnabled": true}}\nselenium.webdriver.remote.remote_connection: DEBUG: Finished Request\nselenium.webdriver.remote.remote_connection: DEBUG: POST http://127.0.0.1:53009/session/9568cf7d020848f523a497aea47200ad/url {"url": "https://tetra-qa.strikersoft.com/operational/login.html", "sessionId": "9568cf7d020848f523a497aea47200ad"}\nselenium.webdriver.remote.remote_connection: DEBUG: Finished Request\nselenium.webdriver.remote.remote_connection: DEBUG: POST http://127.0.0.1:53009/session/9568cf7d020848f523a497aea47200ad/window/current/maximize {"windowHandle": "current", "sessionId": "9568cf7d020848f523a497aea47200ad"}\nselenium.webdriver.remote.remote_connection: DEBUG: Finished Request\n--------------------- >> end captured logging << ---------------------']]></error></testcase><testcase classname="test_create_new_client.TestPages" name="test_alogin" time="7.967"><error type="exceptions.AttributeError" message="'TestPages' object has no attribute 'browser'&#10;-------------------- &gt;&gt; begin captured logging &lt;&lt; --------------------&#10;selenium.webdriver.remote.remote_connection: DEBUG: POST http://127.0.0.1:53009/session {&quot;requiredCapabilities&quot;: {}, &quot;desiredCapabilities&quot;: {&quot;platform&quot;: &quot;ANY&quot;, &quot;browserName&quot;: &quot;chrome&quot;, &quot;version&quot;: &quot;&quot;, &quot;chromeOptions&quot;: {&quot;args&quot;: [], &quot;extensions&quot;: []}, &quot;javascriptEnabled&quot;: true}}&#10;selenium.webdriver.remote.remote_connection: DEBUG: Finished Request&#10;selenium.webdriver.remote.remote_connection: DEBUG: POST http://127.0.0.1:53009/session/9568cf7d020848f523a497aea47200ad/url {&quot;url&quot;: &quot;https://tetra-qa.strikersoft.com/operational/login.html&quot;, &quot;sessionId&quot;: &quot;9568cf7d020848f523a497aea47200ad&quot;}&#10;selenium.webdriver.remote.remote_connection: DEBUG: Finished Request&#10;selenium.webdriver.remote.remote_connection: DEBUG: POST http://127.0.0.1:53009/session/9568cf7d020848f523a497aea47200ad/window/current/maximize {&quot;windowHandle&quot;: &quot;current&quot;, &quot;sessionId&quot;: &quot;9568cf7d020848f523a497aea47200ad&quot;}&#10;selenium.webdriver.remote.remote_connection: DEBUG: Finished Request&#10;--------------------- &gt;&gt; end captured logging &lt;&lt; ---------------------"><![CDATA[  File "C:\Python27\lib\unittest\case.py", line 358, in run
    self.tearDown()
  File "C:\MyGit\PetProject\Python\Python-Autotests-from-Yura\create-delete-new-client\test_create_new_client.py", line 130, in tearDown
    self.browser.close()
'\'TestPages\' object has no attribute \'browser\'\n-------------------- >> begin captured logging << --------------------\nselenium.webdriver.remote.remote_connection: DEBUG: POST http://127.0.0.1:53009/session {"requiredCapabilities": {}, "desiredCapabilities": {"platform": "ANY", "browserName": "chrome", "version": "", "chromeOptions": {"args": [], "extensions": []}, "javascriptEnabled": true}}\nselenium.webdriver.remote.remote_connection: DEBUG: Finished Request\nselenium.webdriver.remote.remote_connection: DEBUG: POST http://127.0.0.1:53009/session/9568cf7d020848f523a497aea47200ad/url {"url": "https://tetra-qa.strikersoft.com/operational/login.html", "sessionId": "9568cf7d020848f523a497aea47200ad"}\nselenium.webdriver.remote.remote_connection: DEBUG: Finished Request\nselenium.webdriver.remote.remote_connection: DEBUG: POST http://127.0.0.1:53009/session/9568cf7d020848f523a497aea47200ad/window/current/maximize {"windowHandle": "current", "sessionId": "9568cf7d020848f523a497aea47200ad"}\nselenium.webdriver.remote.remote_connection: DEBUG: Finished Request\n--------------------- >> end captured logging << ---------------------']]></error></testcase></testsuite>